  [1m[36m (1.3ms)[0m  [1mCREATE TABLE "schema_migrations" ("version" varchar NOT NULL) [0m
  [1m[35m (0.0ms)[0m  select sqlite_version(*)
  [1m[36m (1.1ms)[0m  [1mCREATE UNIQUE INDEX "unique_schema_migrations" ON "schema_migrations" ("version")[0m
  [1m[35mActiveRecord::SchemaMigration Load (0.1ms)[0m  SELECT "schema_migrations".* FROM "schema_migrations"
  [1m[36mActiveRecord::SchemaMigration Load (2.4ms)[0m  [1mSELECT "schema_migrations".* FROM "schema_migrations"[0m
Migrating to CreateArticles (20160822024602)
  [1m[35m (0.1ms)[0m  begin transaction
  [1m[36m (0.5ms)[0m  [1mCREATE TABLE "articles" ("id" INTEGER PRIMARY KEY AUTOINCREMENT NOT NULL, "title" varchar, "body" text, "created_at" datetime NOT NULL, "updated_at" datetime NOT NULL) [0m
  [1m[35mSQL (0.2ms)[0m  INSERT INTO "schema_migrations" ("version") VALUES (?)  [["version", "20160822024602"]]
  [1m[36m (2.7ms)[0m  [1mcommit transaction[0m
  [1m[35mActiveRecord::SchemaMigration Load (0.1ms)[0m  SELECT "schema_migrations".* FROM "schema_migrations"


Started GET "/articles" for ::1 at 2016-08-21 22:47:46 -0400
  [1m[36mActiveRecord::SchemaMigration Load (0.2ms)[0m  [1mSELECT "schema_migrations".* FROM "schema_migrations"[0m
Processing by ArticlesController#index as HTML
  [1m[35mArticle Load (2.3ms)[0m  SELECT "articles".* FROM "articles"
  Rendered articles/index.html.erb within layouts/application (11.7ms)
Completed 200 OK in 1551ms (Views: 1530.6ms | ActiveRecord: 2.5ms)


Started GET "/assets/articles.self-e3b0c44298fc1c149afbf4c8996fb92427ae41e4649b934ca495991b7852b855.css?body=1" for ::1 at 2016-08-21 22:47:48 -0400


Started GET "/assets/scaffolds.self-fae758544a9fc65406202f393db1376a50d96660d58dd98e78c781ac8a47e3ea.css?body=1" for ::1 at 2016-08-21 22:47:48 -0400


Started GET "/assets/articles.self-877aef30ae1b040ab8a3aba4e3e309a11d7f2612f44dde450b5c157aa5f95c05.js?body=1" for ::1 at 2016-08-21 22:47:48 -0400


Started GET "/articles/new" for ::1 at 2016-08-21 22:47:53 -0400
Processing by ArticlesController#new as HTML
  Rendered articles/_form.html.erb (58.5ms)
  Rendered articles/new.html.erb within layouts/application (72.3ms)
Completed 200 OK in 99ms (Views: 94.3ms | ActiveRecord: 0.3ms)


Started POST "/articles" for ::1 at 2016-08-21 22:48:04 -0400
Processing by ArticlesController#create as HTML
  Parameters: {"utf8"=>"✓", "authenticity_token"=>"FzaOrS6K84VeVhzGyN9ccGJ0l6xYZymvaA9KhS034VDcwe7c4X5JTJMAIDl7vYFazqsMw1T++9CrkO60NzOgyQ==", "article"=>{"title"=>"I love ", "body"=>"this body (text body)"}, "commit"=>"Create Article"}
  [1m[36m (0.1ms)[0m  [1mbegin transaction[0m
  [1m[35mSQL (2.2ms)[0m  INSERT INTO "articles" ("title", "body", "created_at", "updated_at") VALUES (?, ?, ?, ?)  [["title", "I love "], ["body", "this body (text body)"], ["created_at", "2016-08-22 02:48:04.146938"], ["updated_at", "2016-08-22 02:48:04.146938"]]
  [1m[36m (3.3ms)[0m  [1mcommit transaction[0m
Redirected to http://localhost:3000/articles/1
Completed 302 Found in 16ms (ActiveRecord: 5.7ms)


Started GET "/articles/1" for ::1 at 2016-08-21 22:48:04 -0400
Processing by ArticlesController#show as HTML
  Parameters: {"id"=>"1"}
  [1m[35mArticle Load (0.3ms)[0m  SELECT  "articles".* FROM "articles" WHERE "articles"."id" = ? LIMIT 1  [["id", 1]]
  Rendered articles/show.html.erb within layouts/application (1.4ms)
Completed 200 OK in 44ms (Views: 25.6ms | ActiveRecord: 0.3ms)


Started GET "/articles/1/edit" for ::1 at 2016-08-21 22:48:09 -0400
Processing by ArticlesController#edit as HTML
  Parameters: {"id"=>"1"}
  [1m[36mArticle Load (0.2ms)[0m  [1mSELECT  "articles".* FROM "articles" WHERE "articles"."id" = ? LIMIT 1[0m  [["id", 1]]
  Rendered articles/_form.html.erb (2.2ms)
  Rendered articles/edit.html.erb within layouts/application (5.6ms)
Completed 200 OK in 33ms (Views: 31.5ms | ActiveRecord: 0.2ms)


Started PATCH "/articles/1" for ::1 at 2016-08-21 22:48:11 -0400
Processing by ArticlesController#update as HTML
  Parameters: {"utf8"=>"✓", "authenticity_token"=>"YfEs2Mu4pb/EHF0xerO3V0w0+ZhXiMPOqPYJGHwWa0WqBkypBEwfdglKYc7J0Wp94Oti91sREbFraa0pZhIq3A==", "article"=>{"title"=>"I love ", "body"=>"this body (text body)"}, "commit"=>"Update Article", "id"=>"1"}
  [1m[35mArticle Load (0.1ms)[0m  SELECT  "articles".* FROM "articles" WHERE "articles"."id" = ? LIMIT 1  [["id", 1]]
  [1m[36m (0.1ms)[0m  [1mbegin transaction[0m
  [1m[35m (0.1ms)[0m  commit transaction
Redirected to http://localhost:3000/articles/1
Completed 302 Found in 7ms (ActiveRecord: 0.3ms)


Started GET "/articles/1" for ::1 at 2016-08-21 22:48:11 -0400
Processing by ArticlesController#show as HTML
  Parameters: {"id"=>"1"}
  [1m[36mArticle Load (0.2ms)[0m  [1mSELECT  "articles".* FROM "articles" WHERE "articles"."id" = ? LIMIT 1[0m  [["id", 1]]
  Rendered articles/show.html.erb within layouts/application (0.4ms)
Completed 200 OK in 37ms (Views: 35.3ms | ActiveRecord: 0.2ms)


Started GET "/articles" for ::1 at 2016-08-21 22:48:12 -0400
Processing by ArticlesController#index as HTML
  [1m[35mArticle Load (0.2ms)[0m  SELECT "articles".* FROM "articles"
  Rendered articles/index.html.erb within layouts/application (2.1ms)
Completed 200 OK in 30ms (Views: 29.0ms | ActiveRecord: 0.2ms)
